{
  "RSpec": {
    "coverage": {
      "/home/user/Documents/ProjectsTest/ruby/ror_tasks/app/helpers/application_helper.rb": [
        0,
        0
      ],
      "/home/user/Documents/ProjectsTest/ruby/ror_tasks/app/helpers/sessions_helper.rb": [
        0,
        0,
        0,
        0,
        null,
        0,
        0,
        0,
        null,
        0,
        0,
        0,
        0
      ],
      "/home/user/Documents/ProjectsTest/ruby/ror_tasks/app/mailers/application_mailer.rb": [
        0,
        0,
        0,
        0
      ],
      "/home/user/Documents/ProjectsTest/ruby/ror_tasks/app/channels/application_cable/channel.rb": [
        0,
        0,
        0,
        0
      ],
      "/home/user/Documents/ProjectsTest/ruby/ror_tasks/app/channels/application_cable/connection.rb": [
        0,
        0,
        0,
        0
      ],
      "/home/user/Documents/ProjectsTest/ruby/ror_tasks/app/models/article.rb": [
        0,
        0,
        0,
        0,
        0
      ],
      "/home/user/Documents/ProjectsTest/ruby/ror_tasks/app/models/author.rb": [
        0,
        null,
        0,
        0,
        0,
        null,
        0,
        0
      ],
      "/home/user/Documents/ProjectsTest/ruby/ror_tasks/app/models/application_record.rb": [
        0,
        0,
        0
      ],
      "/home/user/Documents/ProjectsTest/ruby/ror_tasks/app/models/tag.rb": [
        0,
        0,
        0
      ],
      "/home/user/Documents/ProjectsTest/ruby/ror_tasks/app/models/comment.rb": [
        0,
        0,
        0
      ],
      "/home/user/Documents/ProjectsTest/ruby/ror_tasks/app/controllers/application_controller.rb": [
        0,
        0,
        0,
        0
      ],
      "/home/user/Documents/ProjectsTest/ruby/ror_tasks/app/controllers/sessions_controller.rb": [
        0,
        0,
        0,
        null,
        0,
        0,
        0,
        0,
        0,
        0,
        0,
        0,
        0,
        0,
        0,
        null,
        0,
        0,
        0,
        0,
        0
      ],
      "/home/user/Documents/ProjectsTest/ruby/ror_tasks/app/controllers/comments_controller.rb": [
        0,
        0,
        null,
        0,
        0,
        0,
        null,
        0,
        0,
        0,
        null,
        0,
        0,
        0,
        0,
        0,
        null,
        0,
        0,
        null,
        0,
        null,
        0,
        0,
        0,
        null,
        0,
        0,
        0,
        0
      ],
      "/home/user/Documents/ProjectsTest/ruby/ror_tasks/app/controllers/articles_controller.rb": [
        0,
        0,
        null,
        0,
        0,
        null,
        0,
        0,
        0,
        0,
        null,
        0,
        0,
        0,
        null,
        0,
        0,
        0,
        null,
        0,
        0,
        0,
        null,
        0,
        0,
        0,
        0,
        null,
        0,
        null,
        0,
        0,
        0,
        null,
        0,
        0,
        0,
        0
      ],
      "/home/user/Documents/ProjectsTest/ruby/ror_tasks/app/controllers/tags_controller.rb": [
        0,
        0,
        null,
        0,
        0,
        0,
        null,
        0,
        0,
        null,
        0,
        null,
        0,
        0,
        0,
        0
      ],
      "/home/user/Documents/ProjectsTest/ruby/ror_tasks/app/controllers/list_reports_controller.rb": [
        0,
        0,
        0,
        0,
        null,
        0,
        0,
        0,
        0
      ],
      "/home/user/Documents/ProjectsTest/ruby/ror_tasks/app/controllers/authors_controller.rb": [
        0,
        0,
        null,
        0,
        0,
        0,
        null,
        0,
        0,
        0,
        0,
        0,
        0,
        0,
        null,
        0,
        0,
        0,
        null,
        0,
        0,
        null,
        0,
        0,
        0,
        0,
        0,
        0,
        null,
        0,
        null,
        0,
        0,
        0,
        null,
        0,
        0,
        0,
        0
      ],
      "/home/user/Documents/ProjectsTest/ruby/ror_tasks/app/jobs/application_job.rb": [
        0,
        0
      ]
    },
    "timestamp": 1515999105
  },
  "test:functionals": {
    "coverage": {
      "/home/user/Documents/ProjectsTest/ruby/ror_tasks/app/models/article.rb": [
        1,
        1,
        1,
        1,
        null
      ],
      "/home/user/Documents/ProjectsTest/ruby/ror_tasks/app/models/application_record.rb": [
        1,
        1,
        null
      ],
      "/home/user/Documents/ProjectsTest/ruby/ror_tasks/app/models/author.rb": [
        1,
        null,
        1,
        1,
        1,
        null,
        1,
        null
      ],
      "/home/user/Documents/ProjectsTest/ruby/ror_tasks/app/models/comment.rb": [
        1,
        1,
        null
      ],
      "/home/user/Documents/ProjectsTest/ruby/ror_tasks/app/models/tag.rb": [
        1,
        1,
        null
      ],
      "/home/user/Documents/ProjectsTest/ruby/ror_tasks/app/helpers/application_helper.rb": [
        1,
        null
      ],
      "/home/user/Documents/ProjectsTest/ruby/ror_tasks/app/helpers/sessions_helper.rb": [
        1,
        1,
        0,
        null,
        null,
        1,
        5,
        null,
        null,
        1,
        5,
        null,
        null
      ],
      "/home/user/Documents/ProjectsTest/ruby/ror_tasks/app/controllers/articles_controller.rb": [
        1,
        1,
        null,
        1,
        1,
        null,
        1,
        0,
        0,
        null,
        null,
        1,
        null,
        null,
        null,
        1,
        0,
        null,
        null,
        1,
        0,
        null,
        null,
        1,
        0,
        0,
        null,
        null,
        1,
        null,
        1,
        0,
        null,
        null,
        1,
        0,
        null,
        null
      ],
      "/home/user/Documents/ProjectsTest/ruby/ror_tasks/app/controllers/application_controller.rb": [
        1,
        1,
        1,
        null
      ],
      "/home/user/Documents/ProjectsTest/ruby/ror_tasks/app/controllers/authors_controller.rb": [
        1,
        1,
        null,
        1,
        1,
        null,
        null,
        1,
        1,
        null,
        null,
        null,
        null,
        null,
        null,
        1,
        0,
        null,
        null,
        1,
        0,
        null,
        0,
        0,
        null,
        0,
        null,
        null,
        null,
        1,
        null,
        1,
        1,
        null,
        null,
        1,
        0,
        null,
        null
      ],
      "/home/user/Documents/ProjectsTest/ruby/ror_tasks/app/controllers/comments_controller.rb": [
        1,
        1,
        null,
        1,
        0,
        null,
        null,
        1,
        0,
        null,
        null,
        1,
        0,
        0,
        0,
        null,
        null,
        1,
        null,
        null,
        1,
        null,
        1,
        0,
        null,
        null,
        1,
        0,
        null,
        null
      ],
      "/home/user/Documents/ProjectsTest/ruby/ror_tasks/app/controllers/list_reports_controller.rb": [
        1,
        1,
        1,
        null,
        null,
        1,
        1,
        null,
        null
      ],
      "/home/user/Documents/ProjectsTest/ruby/ror_tasks/app/controllers/sessions_controller.rb": [
        1,
        1,
        null,
        null,
        1,
        0,
        null,
        0,
        0,
        0,
        null,
        0,
        0,
        null,
        null,
        null,
        1,
        0,
        0,
        null,
        null
      ],
      "/home/user/Documents/ProjectsTest/ruby/ror_tasks/app/controllers/tags_controller.rb": [
        1,
        null,
        1,
        1,
        null,
        null,
        null
      ],
      "/home/user/Documents/ProjectsTest/ruby/ror_tasks/app/mailers/application_mailer.rb": [
        0,
        0,
        0,
        0
      ],
      "/home/user/Documents/ProjectsTest/ruby/ror_tasks/app/channels/application_cable/channel.rb": [
        0,
        0,
        0,
        0
      ],
      "/home/user/Documents/ProjectsTest/ruby/ror_tasks/app/channels/application_cable/connection.rb": [
        0,
        0,
        0,
        0
      ],
      "/home/user/Documents/ProjectsTest/ruby/ror_tasks/app/jobs/application_job.rb": [
        0,
        0
      ]
    },
    "timestamp": 1516025986
  }
}
